C:\Program Files (x86)\Microsoft Visual Studio\2017\Professional\Common7\IDE\VC\VCTargets\Microsoft.CppBuild.targets(377,5): warning MSB8004: Output Directory does not end with a trailing slash.  This build instance will add the slash as it is required to allow proper evaluation of the Output Directory.
  AIModule.cpp
  BroodwarOutputDevice.cpp
  BulletType.cpp
  BWAPI.cpp
  Color.cpp
  DamageType.cpp
  Error.cpp
  Event.cpp
  ExplosionType.cpp
  Filters.cpp
  Forceset.cpp
  Game.cpp
  GameType.cpp
  Order.cpp
  Player.cpp
  Playerset.cpp
  PlayerType.cpp
  Position.cpp
  Race.cpp
  Region.cpp
  Regionset.cpp
  Streams.cpp
  TechType.cpp
  Unit.cpp
  UnitCommand.cpp
  UnitCommandType.cpp
  Unitset.cpp
  UnitSizeType.cpp
  UnitType.cpp
  UpgradeType.cpp
  WeaponType.cpp
  LINK : MSIL .netmodule or module compiled with /GL found; restarting link with /LTCG; add /LTCG to the link command line to improve linker performance
  BWAPILIB.vcxproj -> C:\Dev\BW\Newcutus\VisualStudio\\..\lib\BWAPILIBd.lib
